{
  "uid" : "bb2ba2e6a4d35590",
  "name" : "Check elements presence after clicking Home Button",
  "fullName" : "Homepage scenarios: Check elements presence after clicking Home Button",
  "historyId" : "b3bc1a75acccb75ef4340b528d6f0783",
  "time" : {
    "start" : 1644328917827,
    "stop" : 1644328927568,
    "duration" : 9741
  },
  "status" : "failed",
  "statusMessage" : "The following asserts failed:\n\texpected [true] but found [false],\n\texpected [true] but found [false],\n\texpected [true] but found [false],\n\texpected [true] but found [false],\n\texpected [true] but found [false],\n\texpected [true] but found [false],\n\texpected [true] but found [false],\n\texpected [true] but found [false],\n\texpected [true] but found [false],\n\texpected [true] but found [false]",
  "statusTrace" : "java.lang.AssertionError: The following asserts failed:\n\texpected [true] but found [false],\n\texpected [true] but found [false],\n\texpected [true] but found [false],\n\texpected [true] but found [false],\n\texpected [true] but found [false],\n\texpected [true] but found [false],\n\texpected [true] but found [false],\n\texpected [true] but found [false],\n\texpected [true] but found [false],\n\texpected [true] but found [false]\r\n\tat org.testng.asserts.SoftAssert.assertAll(SoftAssert.java:46)\r\n\tat org.testng.asserts.SoftAssert.assertAll(SoftAssert.java:30)\r\n\tat utility.PageFunctions.checkIfAllElementsAreDisplayed(PageFunctions.java:96)\r\n\tat pages.HomePage.checkAllHomePageElements(HomePage.java:23)\r\n\tat stepDefinitions.HomeSteps.hotel_rooms_should_be_shown(HomeSteps.java:25)\r\n\tat ✽.All elements should be present(file:///C:/Users/njakovljevic/IdeaProjects/basicdemoproject-master/src/test/resources/features/homepage.feature:8)\r\n",
  "flaky" : false,
  "newFailed" : false,
  "newBroken" : false,
  "newPassed" : false,
  "retriesCount" : 0,
  "retriesStatusChange" : false,
  "beforeStages" : [ {
    "name" : "stepDefinitions.AppHooks.launchBrowser()",
    "time" : {
      "start" : 1644328917830,
      "stop" : 1644328920699,
      "duration" : 2869
    },
    "status" : "passed",
    "steps" : [ ],
    "attachments" : [ ],
    "parameters" : [ ],
    "stepsCount" : 0,
    "hasContent" : false,
    "shouldDisplayMessage" : false,
    "attachmentsCount" : 0
  } ],
  "testStage" : {
    "status" : "failed",
    "statusMessage" : "The following asserts failed:\n\texpected [true] but found [false],\n\texpected [true] but found [false],\n\texpected [true] but found [false],\n\texpected [true] but found [false],\n\texpected [true] but found [false],\n\texpected [true] but found [false],\n\texpected [true] but found [false],\n\texpected [true] but found [false],\n\texpected [true] but found [false],\n\texpected [true] but found [false]",
    "statusTrace" : "java.lang.AssertionError: The following asserts failed:\n\texpected [true] but found [false],\n\texpected [true] but found [false],\n\texpected [true] but found [false],\n\texpected [true] but found [false],\n\texpected [true] but found [false],\n\texpected [true] but found [false],\n\texpected [true] but found [false],\n\texpected [true] but found [false],\n\texpected [true] but found [false],\n\texpected [true] but found [false]\r\n\tat org.testng.asserts.SoftAssert.assertAll(SoftAssert.java:46)\r\n\tat org.testng.asserts.SoftAssert.assertAll(SoftAssert.java:30)\r\n\tat utility.PageFunctions.checkIfAllElementsAreDisplayed(PageFunctions.java:96)\r\n\tat pages.HomePage.checkAllHomePageElements(HomePage.java:23)\r\n\tat stepDefinitions.HomeSteps.hotel_rooms_should_be_shown(HomeSteps.java:25)\r\n\tat ✽.All elements should be present(file:///C:/Users/njakovljevic/IdeaProjects/basicdemoproject-master/src/test/resources/features/homepage.feature:8)\r\n",
    "steps" : [ {
      "name" : "Given  The user is on the home page",
      "time" : {
        "start" : 1644328920708,
        "stop" : 1644328924149,
        "duration" : 3441
      },
      "status" : "passed",
      "steps" : [ ],
      "attachments" : [ ],
      "parameters" : [ ],
      "stepsCount" : 0,
      "hasContent" : false,
      "shouldDisplayMessage" : false,
      "attachmentsCount" : 0
    }, {
      "name" : "When  The user navigates to the Home button",
      "time" : {
        "start" : 1644328924150,
        "stop" : 1644328925838,
        "duration" : 1688
      },
      "status" : "passed",
      "steps" : [ ],
      "attachments" : [ ],
      "parameters" : [ ],
      "stepsCount" : 0,
      "hasContent" : false,
      "shouldDisplayMessage" : false,
      "attachmentsCount" : 0
    }, {
      "name" : "Then  All elements should be present",
      "time" : {
        "start" : 1644328925840,
        "stop" : 1644328926592,
        "duration" : 752
      },
      "status" : "failed",
      "statusMessage" : "The following asserts failed:\n\texpected [true] but found [false],\n\texpected [true] but found [false],\n\texpected [true] but found [false],\n\texpected [true] but found [false],\n\texpected [true] but found [false],\n\texpected [true] but found [false],\n\texpected [true] but found [false],\n\texpected [true] but found [false],\n\texpected [true] but found [false],\n\texpected [true] but found [false]",
      "statusTrace" : "java.lang.AssertionError: The following asserts failed:\n\texpected [true] but found [false],\n\texpected [true] but found [false],\n\texpected [true] but found [false],\n\texpected [true] but found [false],\n\texpected [true] but found [false],\n\texpected [true] but found [false],\n\texpected [true] but found [false],\n\texpected [true] but found [false],\n\texpected [true] but found [false],\n\texpected [true] but found [false]\r\n\tat org.testng.asserts.SoftAssert.assertAll(SoftAssert.java:46)\r\n\tat org.testng.asserts.SoftAssert.assertAll(SoftAssert.java:30)\r\n\tat utility.PageFunctions.checkIfAllElementsAreDisplayed(PageFunctions.java:96)\r\n\tat pages.HomePage.checkAllHomePageElements(HomePage.java:23)\r\n\tat stepDefinitions.HomeSteps.hotel_rooms_should_be_shown(HomeSteps.java:25)\r\n\tat ✽.All elements should be present(file:///C:/Users/njakovljevic/IdeaProjects/basicdemoproject-master/src/test/resources/features/homepage.feature:8)\r\n",
      "steps" : [ ],
      "attachments" : [ ],
      "parameters" : [ ],
      "stepsCount" : 0,
      "hasContent" : true,
      "shouldDisplayMessage" : true,
      "attachmentsCount" : 0
    } ],
    "attachments" : [ ],
    "parameters" : [ ],
    "stepsCount" : 3,
    "hasContent" : true,
    "shouldDisplayMessage" : false,
    "attachmentsCount" : 0
  },
  "afterStages" : [ {
    "name" : "stepDefinitions.AppHooks.quitBrowser(io.cucumber.java.Scenario)",
    "time" : {
      "start" : 1644328926596,
      "stop" : 1644328927560,
      "duration" : 964
    },
    "status" : "passed",
    "steps" : [ ],
    "attachments" : [ ],
    "parameters" : [ ],
    "stepsCount" : 0,
    "hasContent" : false,
    "shouldDisplayMessage" : false,
    "attachmentsCount" : 0
  } ],
  "labels" : [ {
    "name" : "host",
    "value" : "SIXNS300"
  }, {
    "name" : "thread",
    "value" : "7088@SIXNS300.main(1)"
  }, {
    "name" : "feature",
    "value" : "Homepage scenarios"
  }, {
    "name" : "story",
    "value" : "Check elements presence after clicking Home Button"
  }, {
    "name" : "suite",
    "value" : "Homepage scenarios"
  }, {
    "name" : "testClass",
    "value" : "Check elements presence after clicking Home Button"
  }, {
    "name" : "framework",
    "value" : "cucumber4jvm"
  }, {
    "name" : "language",
    "value" : "java"
  }, {
    "name" : "gherkin_uri",
    "value" : "file:///C:/Users/njakovljevic/IdeaProjects/basicdemoproject-master/src/test/resources/features/homepage.feature"
  }, {
    "name" : "package",
    "value" : "src.test.resources.features.homepage_feature.Homepage scenarios"
  }, {
    "name" : "resultFormat",
    "value" : "allure2"
  } ],
  "parameters" : [ ],
  "links" : [ ],
  "hidden" : true,
  "retry" : true,
  "extra" : {
    "categories" : [ ],
    "tags" : [ ]
  },
  "source" : "bb2ba2e6a4d35590.json",
  "parameterValues" : [ ]
}