{"uuid":"938dd60d-3404-4525-9033-270b9d63db6d","historyId":"b3bc1a75acccb75ef4340b528d6f0783","fullName":"Homepage scenarios: Check elements presence after clicking Home Button","labels":[{"name":"host","value":"SIXNS300"},{"name":"thread","value":"18580@SIXNS300.main(1)"},{"name":"feature","value":"Homepage scenarios"},{"name":"story","value":"Check elements presence after clicking Home Button"},{"name":"suite","value":"Homepage scenarios"},{"name":"testClass","value":"Check elements presence after clicking Home Button"},{"name":"framework","value":"cucumber4jvm"},{"name":"language","value":"java"},{"name":"gherkin_uri","value":"file:///C:/Users/njakovljevic/IdeaProjects/basicdemoproject-master/src/test/resources/features/homepage.feature"},{"name":"package","value":"src.test.resources.features.homepage_feature.Homepage scenarios"}],"links":[],"name":"Check elements presence after clicking Home Button","status":"failed","statusDetails":{"known":false,"muted":false,"flaky":false,"message":"The following asserts failed:\n\texpected [true] but found [false],\n\texpected [true] but found [false],\n\texpected [true] but found [false]","trace":"java.lang.AssertionError: The following asserts failed:\n\texpected [true] but found [false],\n\texpected [true] but found [false],\n\texpected [true] but found [false]\r\n\tat org.testng.asserts.SoftAssert.assertAll(SoftAssert.java:46)\r\n\tat org.testng.asserts.SoftAssert.assertAll(SoftAssert.java:30)\r\n\tat utility.PageFunctions.checkIfAllElementsAreDisplayed(PageFunctions.java:96)\r\n\tat pages.HomePage.checkAllHomePageElements(HomePage.java:23)\r\n\tat stepDefinitions.HomeSteps.hotel_rooms_should_be_shown(HomeSteps.java:25)\r\n\tat ✽.All elements should be present(file:///C:/Users/njakovljevic/IdeaProjects/basicdemoproject-master/src/test/resources/features/homepage.feature:8)\r\n"},"stage":"finished","steps":[{"name":"Given  The user is on the home page","status":"passed","statusDetails":{"known":false,"muted":false,"flaky":false},"stage":"finished","steps":[],"attachments":[],"parameters":[],"start":1644330936138,"stop":1644330939146},{"name":"When  The user navigates to the Home button","status":"passed","statusDetails":{"known":false,"muted":false,"flaky":false},"stage":"finished","steps":[],"attachments":[],"parameters":[],"start":1644330939148,"stop":1644330941993},{"name":"Then  All elements should be present","status":"failed","statusDetails":{"known":false,"muted":false,"flaky":false,"message":"The following asserts failed:\n\texpected [true] but found [false],\n\texpected [true] but found [false],\n\texpected [true] but found [false]","trace":"java.lang.AssertionError: The following asserts failed:\n\texpected [true] but found [false],\n\texpected [true] but found [false],\n\texpected [true] but found [false]\r\n\tat org.testng.asserts.SoftAssert.assertAll(SoftAssert.java:46)\r\n\tat org.testng.asserts.SoftAssert.assertAll(SoftAssert.java:30)\r\n\tat utility.PageFunctions.checkIfAllElementsAreDisplayed(PageFunctions.java:96)\r\n\tat pages.HomePage.checkAllHomePageElements(HomePage.java:23)\r\n\tat stepDefinitions.HomeSteps.hotel_rooms_should_be_shown(HomeSteps.java:25)\r\n\tat ✽.All elements should be present(file:///C:/Users/njakovljevic/IdeaProjects/basicdemoproject-master/src/test/resources/features/homepage.feature:8)\r\n"},"stage":"finished","steps":[],"attachments":[],"parameters":[],"start":1644330941995,"stop":1644330945115}],"attachments":[],"parameters":[],"start":1644330930925,"stop":1644330946678}